<?xml version="1.0" encoding="UTF-8"?>
<testng-results ignored="0" total="0" passed="0" failed="0" skipped="0">
  <reporter-output>
  </reporter-output>
  <suite started-at="2022-06-30T16:06:01 BST" name="Surefire suite" finished-at="2022-06-30T16:07:37 BST" duration-ms="96689">
    <groups>
    </groups>
    <test started-at="2022-06-30T16:06:01 BST" name="Surefire test" finished-at="2022-06-30T16:07:37 BST" duration-ms="96689">
    </test> <!-- Surefire test -->
  </suite> <!-- Surefire suite -->
</testng-results>
