[
  {
    "line": 4,
    "elements": [
      {
        "start_timestamp": "2022-06-30T14:42:18.876Z",
        "line": 6,
        "name": "1-Open browser and the Vodafone Page",
        "description": "",
        "id": ";1-open-browser-and-the-vodafone-page",
        "type": "scenario",
        "keyword": "Scenario",
        "steps": [
          {
            "result": {
              "duration": 1589616500,
              "status": "passed"
            },
            "line": 7,
            "name": "User open browser",
            "match": {
              "location": "Vodafone.step_definitions.LoginStepDef.userOpenBrowser()"
            },
            "keyword": "Given "
          },
          {
            "result": {
              "duration": 4927183500,
              "status": "passed"
            },
            "line": 8,
            "name": "User on the Vodafone website homepage",
            "match": {
              "location": "Vodafone.step_definitions.LoginStepDef.userOnTheVodafoneWebsiteHomepage()"
            },
            "keyword": "When "
          },
          {
            "result": {
              "duration": 4091587800,
              "status": "passed"
            },
            "line": 9,
            "name": "User on the login page",
            "match": {
              "location": "Vodafone.step_definitions.LoginStepDef.userOnTheLoginPage()"
            },
            "keyword": "Then "
          }
        ],
        "tags": [
          {
            "name": "@regression"
          },
          {
            "name": "@smoke"
          },
          {
            "name": "@wip"
          }
        ]
      },
      {
        "start_timestamp": "2022-06-30T14:42:29.563Z",
        "line": 10,
        "name": "2-Login test with valid username and password",
        "description": "",
        "id": ";2-login-test-with-valid-username-and-password",
        "type": "scenario",
        "keyword": "Scenario",
        "steps": [
          {
            "result": {
              "duration": 416909500,
              "status": "passed"
            },
            "line": 11,
            "name": "User enter username",
            "match": {
              "location": "Vodafone.step_definitions.LoginStepDef.userEnterUsername()"
            },
            "keyword": "And "
          },
          {
            "result": {
              "duration": 85001200,
              "status": "passed"
            },
            "line": 12,
            "name": "User enter password",
            "match": {
              "location": "Vodafone.step_definitions.LoginStepDef.userEnterPassword()"
            },
            "keyword": "And "
          },
          {
            "result": {
              "duration": 6106780000,
              "status": "passed"
            },
            "line": 13,
            "name": "User click with the \"Sign in\"",
            "match": {
              "arguments": [
                {
                  "val": "\"Sign in\"",
                  "offset": 20
                }
              ],
              "location": "Vodafone.step_definitions.LoginStepDef.userClickWithThe(java.lang.String)"
            },
            "keyword": "And "
          },
          {
            "result": {
              "duration": 2586932600,
              "status": "passed"
            },
            "line": 14,
            "name": "User click \"Logout\"",
            "match": {
              "arguments": [
                {
                  "val": "\"Logout\"",
                  "offset": 11
                }
              ],
              "location": "Vodafone.step_definitions.LoginStepDef.userClick(java.lang.String)"
            },
            "keyword": "And "
          }
        ],
        "tags": [
          {
            "name": "@regression"
          },
          {
            "name": "@smoke"
          },
          {
            "name": "@wip"
          }
        ]
      },
      {
        "start_timestamp": "2022-06-30T14:42:38.769Z",
        "line": 16,
        "name": "3-Negative Test for Login via valid username invalid  password",
        "description": "",
        "id": ";3-negative-test-for-login-via-valid-username-invalid--password",
        "type": "scenario",
        "keyword": "Scenario",
        "steps": [
          {
            "result": {
              "error_message": "org.openqa.selenium.NoSuchElementException: Cannot locate an element using xpath\u003d//input[@id\u003d\u0027email\u0027]\nFor documentation on this error, please visit: https://www.seleniumhq.org/exceptions/no_such_element.html\nBuild info: version: \u00273.141.59\u0027, revision: \u0027e82be7d358\u0027, time: \u00272018-11-14T08:17:03\u0027\nSystem info: host: \u0027LAPTOP-S9970J2S\u0027, ip: \u0027192.168.0.30\u0027, os.name: \u0027Windows 10\u0027, os.arch: \u0027amd64\u0027, os.version: \u002710.0\u0027, java.version: \u002716.0.1\u0027\nDriver info: driver.version: RemoteWebDriver\r\n\tat org.openqa.selenium.remote.RemoteWebDriver.findElement(RemoteWebDriver.java:327)\r\n\tat org.openqa.selenium.remote.RemoteWebDriver.findElementByXPath(RemoteWebDriver.java:428)\r\n\tat org.openqa.selenium.By$ByXPath.findElement(By.java:353)\r\n\tat org.openqa.selenium.remote.RemoteWebDriver.findElement(RemoteWebDriver.java:315)\r\n\tat Vodafone.pages.Login.enterEmail(Login.java:18)\r\n\tat Vodafone.step_definitions.LoginStepDef.userEnterUsername(LoginStepDef.java:42)\r\n\tat ✽.User enter username(file:///C:/Users/ilham/IdeaProjects/VodafoneTestAutomation/src/test/resources/features/Login.feature:17)\r\n",
              "duration": 9356735200,
              "status": "failed"
            },
            "line": 17,
            "name": "User enter username",
            "match": {
              "location": "Vodafone.step_definitions.LoginStepDef.userEnterUsername()"
            },
            "keyword": "And "
          },
          {
            "result": {
              "duration": 2000200,
              "status": "skipped"
            },
            "line": 18,
            "name": "User enter password \"111111\"",
            "match": {
              "arguments": [
                {
                  "val": "\"111111\"",
                  "offset": 20
                }
              ],
              "location": "Vodafone.step_definitions.LoginStepDef.userEnterPassword(java.lang.String)"
            },
            "keyword": "And "
          },
          {
            "result": {
              "duration": 992700,
              "status": "skipped"
            },
            "line": 19,
            "name": "User click with the \"Sign in\"",
            "match": {
              "arguments": [
                {
                  "val": "\"Sign in\"",
                  "offset": 20
                }
              ],
              "location": "Vodafone.step_definitions.LoginStepDef.userClickWithThe(java.lang.String)"
            },
            "keyword": "And "
          },
          {
            "result": {
              "status": "skipped"
            },
            "line": 20,
            "name": "User verify message \"Authentication failed\"",
            "match": {
              "arguments": [
                {
                  "val": "\"Authentication failed\"",
                  "offset": 20
                }
              ],
              "location": "Vodafone.step_definitions.LoginStepDef.userVerifyMessage(java.lang.String)"
            },
            "keyword": "Then "
          }
        ],
        "tags": [
          {
            "name": "@regression"
          },
          {
            "name": "@smoke"
          },
          {
            "name": "@wip"
          }
        ]
      },
      {
        "start_timestamp": "2022-06-30T14:42:48.185Z",
        "line": 22,
        "name": "4-Negative Test for Login via invalid username with space",
        "description": "",
        "id": ";4-negative-test-for-login-via-invalid-username-with-space",
        "type": "scenario",
        "keyword": "Scenario",
        "steps": [
          {
            "result": {
              "error_message": "org.openqa.selenium.NoSuchWindowException: no such window: target window already closed\nfrom unknown error: web view not found\n  (Session info: chrome\u003d103.0.5060.66)\nBuild info: version: \u00273.141.59\u0027, revision: \u0027e82be7d358\u0027, time: \u00272018-11-14T08:17:03\u0027\nSystem info: host: \u0027LAPTOP-S9970J2S\u0027, ip: \u0027192.168.0.30\u0027, os.name: \u0027Windows 10\u0027, os.arch: \u0027amd64\u0027, os.version: \u002710.0\u0027, java.version: \u002716.0.1\u0027\nDriver info: org.openqa.selenium.chrome.ChromeDriver\nCapabilities {acceptInsecureCerts: false, browserName: chrome, browserVersion: 103.0.5060.66, chrome: {chromedriverVersion: 103.0.5060.53 (a1711811edd7..., userDataDir: C:\\Users\\ilham\\AppData\\Loca...}, goog:chromeOptions: {debuggerAddress: localhost:55951}, javascriptEnabled: true, networkConnectionEnabled: false, pageLoadStrategy: normal, platform: WINDOWS, platformName: WINDOWS, proxy: Proxy(), setWindowRect: true, strictFileInteractability: false, timeouts: {implicit: 0, pageLoad: 300000, script: 30000}, unhandledPromptBehavior: dismiss and notify, webauthn:extension:credBlob: true, webauthn:extension:largeBlob: true, webauthn:virtualAuthenticators: true}\nSession ID: f59bad6b2c8b9c24df5da29ead0925b8\n*** Element info: {Using\u003dxpath, value\u003d//input[@id\u003d\u0027email\u0027]}\r\n\tat java.base/jdk.internal.reflect.NativeConstructorAccessorImpl.newInstance0(Native Method)\r\n\tat java.base/jdk.internal.reflect.NativeConstructorAccessorImpl.newInstance(NativeConstructorAccessorImpl.java:78)\r\n\tat java.base/jdk.internal.reflect.DelegatingConstructorAccessorImpl.newInstance(DelegatingConstructorAccessorImpl.java:45)\r\n\tat java.base/java.lang.reflect.Constructor.newInstanceWithCaller(Constructor.java:499)\r\n\tat java.base/java.lang.reflect.Constructor.newInstance(Constructor.java:480)\r\n\tat org.openqa.selenium.remote.http.W3CHttpResponseCodec.createException(W3CHttpResponseCodec.java:187)\r\n\tat org.openqa.selenium.remote.http.W3CHttpResponseCodec.decode(W3CHttpResponseCodec.java:122)\r\n\tat org.openqa.selenium.remote.http.W3CHttpResponseCodec.decode(W3CHttpResponseCodec.java:49)\r\n\tat org.openqa.selenium.remote.HttpCommandExecutor.execute(HttpCommandExecutor.java:158)\r\n\tat org.openqa.selenium.remote.service.DriverCommandExecutor.execute(DriverCommandExecutor.java:83)\r\n\tat org.openqa.selenium.remote.RemoteWebDriver.execute(RemoteWebDriver.java:552)\r\n\tat org.openqa.selenium.remote.RemoteWebDriver.findElement(RemoteWebDriver.java:323)\r\n\tat org.openqa.selenium.remote.RemoteWebDriver.findElementByXPath(RemoteWebDriver.java:428)\r\n\tat org.openqa.selenium.By$ByXPath.findElement(By.java:353)\r\n\tat org.openqa.selenium.remote.RemoteWebDriver.findElement(RemoteWebDriver.java:315)\r\n\tat Vodafone.pages.Login.clearEmailBox(Login.java:48)\r\n\tat Vodafone.step_definitions.LoginStepDef.userCleanTheUsernamePasswordBox(LoginStepDef.java:63)\r\n\tat ✽.User clean the username password box(file:///C:/Users/ilham/IdeaProjects/VodafoneTestAutomation/src/test/resources/features/Login.feature:23)\r\n",
              "duration": 13985400,
              "status": "failed"
            },
            "line": 23,
            "name": "User clean the username password box",
            "match": {
              "location": "Vodafone.step_definitions.LoginStepDef.userCleanTheUsernamePasswordBox()"
            },
            "keyword": "Then "
          },
          {
            "result": {
              "status": "skipped"
            },
            "line": 24,
            "name": "User enter username \"negativeTest @test.com\"",
            "match": {
              "arguments": [
                {
                  "val": "\"negativeTest @test.com\"",
                  "offset": 20
                }
              ],
              "location": "Vodafone.step_definitions.LoginStepDef.userEnterUsername(java.lang.String)"
            },
            "keyword": "And "
          },
          {
            "result": {
              "status": "skipped"
            },
            "line": 25,
            "name": "User enter password",
            "match": {
              "location": "Vodafone.step_definitions.LoginStepDef.userEnterPassword()"
            },
            "keyword": "And "
          },
          {
            "result": {
              "status": "skipped"
            },
            "line": 26,
            "name": "User click with the \"Sign in\"",
            "match": {
              "arguments": [
                {
                  "val": "\"Sign in\"",
                  "offset": 20
                }
              ],
              "location": "Vodafone.step_definitions.LoginStepDef.userClickWithThe(java.lang.String)"
            },
            "keyword": "And "
          },
          {
            "result": {
              "duration": 998300,
              "status": "skipped"
            },
            "line": 27,
            "name": "User verify message \"Invalid email address.\"",
            "match": {
              "arguments": [
                {
                  "val": "\"Invalid email address.\"",
                  "offset": 20
                }
              ],
              "location": "Vodafone.step_definitions.LoginStepDef.userVerifyMessage(java.lang.String)"
            },
            "keyword": "Then "
          }
        ],
        "tags": [
          {
            "name": "@regression"
          },
          {
            "name": "@smoke"
          },
          {
            "name": "@wip"
          }
        ]
      },
      {
        "start_timestamp": "2022-06-30T14:42:48.225Z",
        "line": 29,
        "name": "5-Negative Test for Login via wrong username and wrong password",
        "description": "",
        "id": ";5-negative-test-for-login-via-wrong-username-and-wrong-password",
        "type": "scenario",
        "keyword": "Scenario",
        "steps": [
          {
            "result": {
              "error_message": "org.openqa.selenium.NoSuchWindowException: no such window: target window already closed\nfrom unknown error: web view not found\n  (Session info: chrome\u003d103.0.5060.66)\nBuild info: version: \u00273.141.59\u0027, revision: \u0027e82be7d358\u0027, time: \u00272018-11-14T08:17:03\u0027\nSystem info: host: \u0027LAPTOP-S9970J2S\u0027, ip: \u0027192.168.0.30\u0027, os.name: \u0027Windows 10\u0027, os.arch: \u0027amd64\u0027, os.version: \u002710.0\u0027, java.version: \u002716.0.1\u0027\nDriver info: org.openqa.selenium.chrome.ChromeDriver\nCapabilities {acceptInsecureCerts: false, browserName: chrome, browserVersion: 103.0.5060.66, chrome: {chromedriverVersion: 103.0.5060.53 (a1711811edd7..., userDataDir: C:\\Users\\ilham\\AppData\\Loca...}, goog:chromeOptions: {debuggerAddress: localhost:55951}, javascriptEnabled: true, networkConnectionEnabled: false, pageLoadStrategy: normal, platform: WINDOWS, platformName: WINDOWS, proxy: Proxy(), setWindowRect: true, strictFileInteractability: false, timeouts: {implicit: 0, pageLoad: 300000, script: 30000}, unhandledPromptBehavior: dismiss and notify, webauthn:extension:credBlob: true, webauthn:extension:largeBlob: true, webauthn:virtualAuthenticators: true}\nSession ID: f59bad6b2c8b9c24df5da29ead0925b8\n*** Element info: {Using\u003dxpath, value\u003d//input[@id\u003d\u0027email\u0027]}\r\n\tat java.base/jdk.internal.reflect.NativeConstructorAccessorImpl.newInstance0(Native Method)\r\n\tat java.base/jdk.internal.reflect.NativeConstructorAccessorImpl.newInstance(NativeConstructorAccessorImpl.java:78)\r\n\tat java.base/jdk.internal.reflect.DelegatingConstructorAccessorImpl.newInstance(DelegatingConstructorAccessorImpl.java:45)\r\n\tat java.base/java.lang.reflect.Constructor.newInstanceWithCaller(Constructor.java:499)\r\n\tat java.base/java.lang.reflect.Constructor.newInstance(Constructor.java:480)\r\n\tat org.openqa.selenium.remote.http.W3CHttpResponseCodec.createException(W3CHttpResponseCodec.java:187)\r\n\tat org.openqa.selenium.remote.http.W3CHttpResponseCodec.decode(W3CHttpResponseCodec.java:122)\r\n\tat org.openqa.selenium.remote.http.W3CHttpResponseCodec.decode(W3CHttpResponseCodec.java:49)\r\n\tat org.openqa.selenium.remote.HttpCommandExecutor.execute(HttpCommandExecutor.java:158)\r\n\tat org.openqa.selenium.remote.service.DriverCommandExecutor.execute(DriverCommandExecutor.java:83)\r\n\tat org.openqa.selenium.remote.RemoteWebDriver.execute(RemoteWebDriver.java:552)\r\n\tat org.openqa.selenium.remote.RemoteWebDriver.findElement(RemoteWebDriver.java:323)\r\n\tat org.openqa.selenium.remote.RemoteWebDriver.findElementByXPath(RemoteWebDriver.java:428)\r\n\tat org.openqa.selenium.By$ByXPath.findElement(By.java:353)\r\n\tat org.openqa.selenium.remote.RemoteWebDriver.findElement(RemoteWebDriver.java:315)\r\n\tat Vodafone.pages.Login.clearEmailBox(Login.java:48)\r\n\tat Vodafone.step_definitions.LoginStepDef.userCleanTheUsernamePasswordBox(LoginStepDef.java:63)\r\n\tat ✽.User clean the username password box(file:///C:/Users/ilham/IdeaProjects/VodafoneTestAutomation/src/test/resources/features/Login.feature:30)\r\n",
              "duration": 15006200,
              "status": "failed"
            },
            "line": 30,
            "name": "User clean the username password box",
            "match": {
              "location": "Vodafone.step_definitions.LoginStepDef.userCleanTheUsernamePasswordBox()"
            },
            "keyword": "And "
          },
          {
            "result": {
              "status": "skipped"
            },
            "line": 31,
            "name": "User enter username \"negativeTest@test.com\"",
            "match": {
              "arguments": [
                {
                  "val": "\"negativeTest@test.com\"",
                  "offset": 20
                }
              ],
              "location": "Vodafone.step_definitions.LoginStepDef.userEnterUsername(java.lang.String)"
            },
            "keyword": "And "
          },
          {
            "result": {
              "status": "skipped"
            },
            "line": 32,
            "name": "User enter password \"wrongPassword123\"",
            "match": {
              "arguments": [
                {
                  "val": "\"wrongPassword123\"",
                  "offset": 20
                }
              ],
              "location": "Vodafone.step_definitions.LoginStepDef.userEnterPassword(java.lang.String)"
            },
            "keyword": "And "
          },
          {
            "result": {
              "status": "skipped"
            },
            "line": 33,
            "name": "User click with the \"Sign in\"",
            "match": {
              "arguments": [
                {
                  "val": "\"Sign in\"",
                  "offset": 20
                }
              ],
              "location": "Vodafone.step_definitions.LoginStepDef.userClickWithThe(java.lang.String)"
            },
            "keyword": "And "
          },
          {
            "result": {
              "status": "skipped"
            },
            "line": 34,
            "name": "User verify message \"Authentication failed\"",
            "match": {
              "arguments": [
                {
                  "val": "\"Authentication failed\"",
                  "offset": 20
                }
              ],
              "location": "Vodafone.step_definitions.LoginStepDef.userVerifyMessage(java.lang.String)"
            },
            "keyword": "Then "
          }
        ],
        "tags": [
          {
            "name": "@regression"
          },
          {
            "name": "@smoke"
          },
          {
            "name": "@wip"
          }
        ]
      },
      {
        "start_timestamp": "2022-06-30T14:42:48.255Z",
        "line": 36,
        "name": "6-User  reset email test with invalid user email",
        "description": "",
        "id": ";6-user--reset-email-test-with-invalid-user-email",
        "type": "scenario",
        "keyword": "Scenario",
        "steps": [
          {
            "result": {
              "duration": 19000600,
              "status": "passed"
            },
            "line": 37,
            "name": "User click the \"Forgot your password?\"",
            "match": {
              "arguments": [
                {
                  "val": "\"Forgot your password?\"",
                  "offset": 15
                }
              ],
              "location": "Vodafone.step_definitions.LoginStepDef.userClickThe(java.lang.String)"
            },
            "keyword": "And "
          },
          {
            "result": {
              "error_message": "org.openqa.selenium.NoSuchWindowException: no such window: target window already closed\nfrom unknown error: web view not found\n  (Session info: chrome\u003d103.0.5060.66)\nBuild info: version: \u00273.141.59\u0027, revision: \u0027e82be7d358\u0027, time: \u00272018-11-14T08:17:03\u0027\nSystem info: host: \u0027LAPTOP-S9970J2S\u0027, ip: \u0027192.168.0.30\u0027, os.name: \u0027Windows 10\u0027, os.arch: \u0027amd64\u0027, os.version: \u002710.0\u0027, java.version: \u002716.0.1\u0027\nDriver info: org.openqa.selenium.chrome.ChromeDriver\nCapabilities {acceptInsecureCerts: false, browserName: chrome, browserVersion: 103.0.5060.66, chrome: {chromedriverVersion: 103.0.5060.53 (a1711811edd7..., userDataDir: C:\\Users\\ilham\\AppData\\Loca...}, goog:chromeOptions: {debuggerAddress: localhost:55951}, javascriptEnabled: true, networkConnectionEnabled: false, pageLoadStrategy: normal, platform: WINDOWS, platformName: WINDOWS, proxy: Proxy(), setWindowRect: true, strictFileInteractability: false, timeouts: {implicit: 0, pageLoad: 300000, script: 30000}, unhandledPromptBehavior: dismiss and notify, webauthn:extension:credBlob: true, webauthn:extension:largeBlob: true, webauthn:virtualAuthenticators: true}\nSession ID: f59bad6b2c8b9c24df5da29ead0925b8\n*** Element info: {Using\u003dxpath, value\u003d//input[@id\u003d\u0027email\u0027]}\r\n\tat java.base/jdk.internal.reflect.NativeConstructorAccessorImpl.newInstance0(Native Method)\r\n\tat java.base/jdk.internal.reflect.NativeConstructorAccessorImpl.newInstance(NativeConstructorAccessorImpl.java:78)\r\n\tat java.base/jdk.internal.reflect.DelegatingConstructorAccessorImpl.newInstance(DelegatingConstructorAccessorImpl.java:45)\r\n\tat java.base/java.lang.reflect.Constructor.newInstanceWithCaller(Constructor.java:499)\r\n\tat java.base/java.lang.reflect.Constructor.newInstance(Constructor.java:480)\r\n\tat org.openqa.selenium.remote.http.W3CHttpResponseCodec.createException(W3CHttpResponseCodec.java:187)\r\n\tat org.openqa.selenium.remote.http.W3CHttpResponseCodec.decode(W3CHttpResponseCodec.java:122)\r\n\tat org.openqa.selenium.remote.http.W3CHttpResponseCodec.decode(W3CHttpResponseCodec.java:49)\r\n\tat org.openqa.selenium.remote.HttpCommandExecutor.execute(HttpCommandExecutor.java:158)\r\n\tat org.openqa.selenium.remote.service.DriverCommandExecutor.execute(DriverCommandExecutor.java:83)\r\n\tat org.openqa.selenium.remote.RemoteWebDriver.execute(RemoteWebDriver.java:552)\r\n\tat org.openqa.selenium.remote.RemoteWebDriver.findElement(RemoteWebDriver.java:323)\r\n\tat org.openqa.selenium.remote.RemoteWebDriver.findElementByXPath(RemoteWebDriver.java:428)\r\n\tat org.openqa.selenium.By$ByXPath.findElement(By.java:353)\r\n\tat org.openqa.selenium.remote.RemoteWebDriver.findElement(RemoteWebDriver.java:315)\r\n\tat Vodafone.pages.Login.enterEmailWithData(Login.java:54)\r\n\tat Vodafone.step_definitions.LoginStepDef.userEnterUsername(LoginStepDef.java:69)\r\n\tat ✽.User enter username \"negativeTest@test.com\"(file:///C:/Users/ilham/IdeaProjects/VodafoneTestAutomation/src/test/resources/features/Login.feature:38)\r\n",
              "duration": 5998800,
              "status": "failed"
            },
            "line": 38,
            "name": "User enter username \"negativeTest@test.com\"",
            "match": {
              "arguments": [
                {
                  "val": "\"negativeTest@test.com\"",
                  "offset": 20
                }
              ],
              "location": "Vodafone.step_definitions.LoginStepDef.userEnterUsername(java.lang.String)"
            },
            "keyword": "And "
          },
          {
            "result": {
              "status": "skipped"
            },
            "line": 39,
            "name": "User click the \"Retrieve Password\"",
            "match": {
              "arguments": [
                {
                  "val": "\"Retrieve Password\"",
                  "offset": 15
                }
              ],
              "location": "Vodafone.step_definitions.LoginStepDef.userClickThe(java.lang.String)"
            },
            "keyword": "And "
          },
          {
            "result": {
              "status": "skipped"
            },
            "line": 40,
            "name": "User verify message \"There is no account registered for this email address.\"",
            "match": {
              "arguments": [
                {
                  "val": "\"There is no account registered for this email address.\"",
                  "offset": 20
                }
              ],
              "location": "Vodafone.step_definitions.LoginStepDef.userVerifyMessage(java.lang.String)"
            },
            "keyword": "Then "
          }
        ],
        "tags": [
          {
            "name": "@regression"
          },
          {
            "name": "@smoke"
          },
          {
            "name": "@wip"
          }
        ]
      },
      {
        "start_timestamp": "2022-06-30T14:42:48.293Z",
        "line": 42,
        "name": "7-User  reset email test with invalid email",
        "description": "",
        "id": ";7-user--reset-email-test-with-invalid-email",
        "type": "scenario",
        "keyword": "Scenario",
        "steps": [
          {
            "result": {
              "error_message": "org.openqa.selenium.NoSuchWindowException: no such window: target window already closed\nfrom unknown error: web view not found\n  (Session info: chrome\u003d103.0.5060.66)\nBuild info: version: \u00273.141.59\u0027, revision: \u0027e82be7d358\u0027, time: \u00272018-11-14T08:17:03\u0027\nSystem info: host: \u0027LAPTOP-S9970J2S\u0027, ip: \u0027192.168.0.30\u0027, os.name: \u0027Windows 10\u0027, os.arch: \u0027amd64\u0027, os.version: \u002710.0\u0027, java.version: \u002716.0.1\u0027\nDriver info: org.openqa.selenium.chrome.ChromeDriver\nCapabilities {acceptInsecureCerts: false, browserName: chrome, browserVersion: 103.0.5060.66, chrome: {chromedriverVersion: 103.0.5060.53 (a1711811edd7..., userDataDir: C:\\Users\\ilham\\AppData\\Loca...}, goog:chromeOptions: {debuggerAddress: localhost:55951}, javascriptEnabled: true, networkConnectionEnabled: false, pageLoadStrategy: normal, platform: WINDOWS, platformName: WINDOWS, proxy: Proxy(), setWindowRect: true, strictFileInteractability: false, timeouts: {implicit: 0, pageLoad: 300000, script: 30000}, unhandledPromptBehavior: dismiss and notify, webauthn:extension:credBlob: true, webauthn:extension:largeBlob: true, webauthn:virtualAuthenticators: true}\nSession ID: f59bad6b2c8b9c24df5da29ead0925b8\n*** Element info: {Using\u003dxpath, value\u003d//input[@id\u003d\u0027email\u0027]}\r\n\tat java.base/jdk.internal.reflect.NativeConstructorAccessorImpl.newInstance0(Native Method)\r\n\tat java.base/jdk.internal.reflect.NativeConstructorAccessorImpl.newInstance(NativeConstructorAccessorImpl.java:78)\r\n\tat java.base/jdk.internal.reflect.DelegatingConstructorAccessorImpl.newInstance(DelegatingConstructorAccessorImpl.java:45)\r\n\tat java.base/java.lang.reflect.Constructor.newInstanceWithCaller(Constructor.java:499)\r\n\tat java.base/java.lang.reflect.Constructor.newInstance(Constructor.java:480)\r\n\tat org.openqa.selenium.remote.http.W3CHttpResponseCodec.createException(W3CHttpResponseCodec.java:187)\r\n\tat org.openqa.selenium.remote.http.W3CHttpResponseCodec.decode(W3CHttpResponseCodec.java:122)\r\n\tat org.openqa.selenium.remote.http.W3CHttpResponseCodec.decode(W3CHttpResponseCodec.java:49)\r\n\tat org.openqa.selenium.remote.HttpCommandExecutor.execute(HttpCommandExecutor.java:158)\r\n\tat org.openqa.selenium.remote.service.DriverCommandExecutor.execute(DriverCommandExecutor.java:83)\r\n\tat org.openqa.selenium.remote.RemoteWebDriver.execute(RemoteWebDriver.java:552)\r\n\tat org.openqa.selenium.remote.RemoteWebDriver.findElement(RemoteWebDriver.java:323)\r\n\tat org.openqa.selenium.remote.RemoteWebDriver.findElementByXPath(RemoteWebDriver.java:428)\r\n\tat org.openqa.selenium.By$ByXPath.findElement(By.java:353)\r\n\tat org.openqa.selenium.remote.RemoteWebDriver.findElement(RemoteWebDriver.java:315)\r\n\tat Vodafone.pages.Login.clearEmailBox(Login.java:48)\r\n\tat Vodafone.step_definitions.LoginStepDef.userClearTheBox(LoginStepDef.java:81)\r\n\tat ✽.User clear the box \"(//div//input)[1]\"(file:///C:/Users/ilham/IdeaProjects/VodafoneTestAutomation/src/test/resources/features/Login.feature:43)\r\n",
              "duration": 6002000,
              "status": "failed"
            },
            "line": 43,
            "name": "User clear the box \"(//div//input)[1]\"",
            "match": {
              "arguments": [
                {
                  "val": "\"(//div//input)[1]\"",
                  "offset": 19
                }
              ],
              "location": "Vodafone.step_definitions.LoginStepDef.userClearTheBox(java.lang.String)"
            },
            "keyword": "And "
          },
          {
            "result": {
              "status": "skipped"
            },
            "line": 44,
            "name": "User enter username \"invalid email\"",
            "match": {
              "arguments": [
                {
                  "val": "\"invalid email\"",
                  "offset": 20
                }
              ],
              "location": "Vodafone.step_definitions.LoginStepDef.userEnterUsername(java.lang.String)"
            },
            "keyword": "And "
          },
          {
            "result": {
              "status": "skipped"
            },
            "line": 45,
            "name": "User click the \"Retrieve Password\"",
            "match": {
              "arguments": [
                {
                  "val": "\"Retrieve Password\"",
                  "offset": 15
                }
              ],
              "location": "Vodafone.step_definitions.LoginStepDef.userClickThe(java.lang.String)"
            },
            "keyword": "And "
          },
          {
            "result": {
              "status": "skipped"
            },
            "line": 46,
            "name": "User verify message \"Invalid email address.\"",
            "match": {
              "arguments": [
                {
                  "val": "\"Invalid email address.\"",
                  "offset": 20
                }
              ],
              "location": "Vodafone.step_definitions.LoginStepDef.userVerifyMessage(java.lang.String)"
            },
            "keyword": "Then "
          },
          {
            "result": {
              "status": "skipped"
            },
            "line": 47,
            "name": "User clear the box \"(//div//input)[1]\"",
            "match": {
              "arguments": [
                {
                  "val": "\"(//div//input)[1]\"",
                  "offset": 19
                }
              ],
              "location": "Vodafone.step_definitions.LoginStepDef.userClearTheBox(java.lang.String)"
            },
            "keyword": "And "
          }
        ],
        "tags": [
          {
            "name": "@regression"
          },
          {
            "name": "@smoke"
          },
          {
            "name": "@wip"
          }
        ]
      },
      {
        "start_timestamp": "2022-06-30T14:42:48.311Z",
        "line": 49,
        "name": "8-User  reset email test with invalid email",
        "description": "",
        "id": ";8-user--reset-email-test-with-invalid-email",
        "type": "scenario",
        "keyword": "Scenario",
        "steps": [
          {
            "result": {
              "error_message": "org.openqa.selenium.NoSuchWindowException: no such window: target window already closed\nfrom unknown error: web view not found\n  (Session info: chrome\u003d103.0.5060.66)\nBuild info: version: \u00273.141.59\u0027, revision: \u0027e82be7d358\u0027, time: \u00272018-11-14T08:17:03\u0027\nSystem info: host: \u0027LAPTOP-S9970J2S\u0027, ip: \u0027192.168.0.30\u0027, os.name: \u0027Windows 10\u0027, os.arch: \u0027amd64\u0027, os.version: \u002710.0\u0027, java.version: \u002716.0.1\u0027\nDriver info: org.openqa.selenium.chrome.ChromeDriver\nCapabilities {acceptInsecureCerts: false, browserName: chrome, browserVersion: 103.0.5060.66, chrome: {chromedriverVersion: 103.0.5060.53 (a1711811edd7..., userDataDir: C:\\Users\\ilham\\AppData\\Loca...}, goog:chromeOptions: {debuggerAddress: localhost:55951}, javascriptEnabled: true, networkConnectionEnabled: false, pageLoadStrategy: normal, platform: WINDOWS, platformName: WINDOWS, proxy: Proxy(), setWindowRect: true, strictFileInteractability: false, timeouts: {implicit: 0, pageLoad: 300000, script: 30000}, unhandledPromptBehavior: dismiss and notify, webauthn:extension:credBlob: true, webauthn:extension:largeBlob: true, webauthn:virtualAuthenticators: true}\nSession ID: f59bad6b2c8b9c24df5da29ead0925b8\n*** Element info: {Using\u003dxpath, value\u003d//input[@id\u003d\u0027email\u0027]}\r\n\tat java.base/jdk.internal.reflect.NativeConstructorAccessorImpl.newInstance0(Native Method)\r\n\tat java.base/jdk.internal.reflect.NativeConstructorAccessorImpl.newInstance(NativeConstructorAccessorImpl.java:78)\r\n\tat java.base/jdk.internal.reflect.DelegatingConstructorAccessorImpl.newInstance(DelegatingConstructorAccessorImpl.java:45)\r\n\tat java.base/java.lang.reflect.Constructor.newInstanceWithCaller(Constructor.java:499)\r\n\tat java.base/java.lang.reflect.Constructor.newInstance(Constructor.java:480)\r\n\tat org.openqa.selenium.remote.http.W3CHttpResponseCodec.createException(W3CHttpResponseCodec.java:187)\r\n\tat org.openqa.selenium.remote.http.W3CHttpResponseCodec.decode(W3CHttpResponseCodec.java:122)\r\n\tat org.openqa.selenium.remote.http.W3CHttpResponseCodec.decode(W3CHttpResponseCodec.java:49)\r\n\tat org.openqa.selenium.remote.HttpCommandExecutor.execute(HttpCommandExecutor.java:158)\r\n\tat org.openqa.selenium.remote.service.DriverCommandExecutor.execute(DriverCommandExecutor.java:83)\r\n\tat org.openqa.selenium.remote.RemoteWebDriver.execute(RemoteWebDriver.java:552)\r\n\tat org.openqa.selenium.remote.RemoteWebDriver.findElement(RemoteWebDriver.java:323)\r\n\tat org.openqa.selenium.remote.RemoteWebDriver.findElementByXPath(RemoteWebDriver.java:428)\r\n\tat org.openqa.selenium.By$ByXPath.findElement(By.java:353)\r\n\tat org.openqa.selenium.remote.RemoteWebDriver.findElement(RemoteWebDriver.java:315)\r\n\tat Vodafone.pages.Login.clearEmailBox(Login.java:48)\r\n\tat Vodafone.step_definitions.LoginStepDef.userClearTheBox(LoginStepDef.java:81)\r\n\tat ✽.User clear the box \"(//div//input)[1]\"(file:///C:/Users/ilham/IdeaProjects/VodafoneTestAutomation/src/test/resources/features/Login.feature:50)\r\n",
              "duration": 5003100,
              "status": "failed"
            },
            "line": 50,
            "name": "User clear the box \"(//div//input)[1]\"",
            "match": {
              "arguments": [
                {
                  "val": "\"(//div//input)[1]\"",
                  "offset": 19
                }
              ],
              "location": "Vodafone.step_definitions.LoginStepDef.userClearTheBox(java.lang.String)"
            },
            "keyword": "And "
          },
          {
            "result": {
              "status": "skipped"
            },
            "line": 51,
            "name": "User enter username \"testsilicontest@gmail.com\"",
            "match": {
              "arguments": [
                {
                  "val": "\"testsilicontest@gmail.com\"",
                  "offset": 20
                }
              ],
              "location": "Vodafone.step_definitions.LoginStepDef.userEnterUsername(java.lang.String)"
            },
            "keyword": "And "
          },
          {
            "result": {
              "status": "skipped"
            },
            "line": 52,
            "name": "User click the \"Retrieve Password\"",
            "match": {
              "arguments": [
                {
                  "val": "\"Retrieve Password\"",
                  "offset": 15
                }
              ],
              "location": "Vodafone.step_definitions.LoginStepDef.userClickThe(java.lang.String)"
            },
            "keyword": "And "
          },
          {
            "result": {
              "status": "skipped"
            },
            "line": 53,
            "name": "User verify message \"A confirmation email has been sent to your address: testsilicontest@gmail.com\"",
            "match": {
              "arguments": [
                {
                  "val": "\"A confirmation email has been sent to your address: testsilicontest@gmail.com\"",
                  "offset": 20
                }
              ],
              "location": "Vodafone.step_definitions.LoginStepDef.userVerifyMessage(java.lang.String)"
            },
            "keyword": "Then "
          },
          {
            "result": {
              "status": "skipped"
            },
            "line": 54,
            "name": "User close browser",
            "match": {
              "location": "Vodafone.step_definitions.LoginStepDef.userCloseBrowser()"
            },
            "keyword": "Then "
          }
        ],
        "tags": [
          {
            "name": "@regression"
          },
          {
            "name": "@smoke"
          },
          {
            "name": "@wip"
          }
        ]
      }
    ],
    "name": "",
    "description": "",
    "id": "",
    "keyword": "Feature",
    "uri": "file:src/test/resources/features/Login.feature",
    "tags": [
      {
        "name": "@regression",
        "type": "Tag",
        "location": {
          "line": 1,
          "column": 1
        }
      },
      {
        "name": "@smoke",
        "type": "Tag",
        "location": {
          "line": 2,
          "column": 1
        }
      },
      {
        "name": "@wip",
        "type": "Tag",
        "location": {
          "line": 3,
          "column": 1
        }
      }
    ]
  }
]